C51 COMPILER V9.60.7.0   24C02                                                             04/10/2024 01:39:04 PAGE 1   


C51 COMPILER V9.60.7.0, COMPILATION OF MODULE 24C02
OBJECT MODULE PLACED IN .\Objects\24C02.obj
COMPILER INVOKED BY: D:\keil_c51\C51\BIN\C51.EXE Lib\src\24C02.c WARNINGLEVEL(0) OPTIMIZE(9,SPEED) BROWSE INCDIR(.\Lib\i
                    -nc;.\Lib;.\User) DEBUG OBJECTEXTEND PRINT(.\Listings\24C02.lst) OBJECT(.\Objects\24C02.obj)

line level    source

   1          #include "24C02.h"
   2          
   3          
   4          
   5          /**
   6          *@breaf I2C写数据流程
   7          *@param无
   8          *@retval 
   9          */
  10          void IIC_Write(u8 IC_ADDR,u8 ADDR,u8 Byte)       //写数据函数
  11          {
  12   1          IIC_Start();
  13   1           
  14   1          IIC_SendByte(IC_ADDR);              //单片机寻找芯片
  15   1          IIC_ReceiveAck();           //检查应答信号
  16   1           
  17   1          IIC_SendByte(ADDR);         //确定器件存储位地址
  18   1          IIC_ReceiveAck();
  19   1           
  20   1          IIC_SendByte(Byte);         //写数据
  21   1          IIC_ReceiveAck();
  22   1           
  23   1          IIC_Stop();
  24   1           
  25   1          delay_ms(10);
  26   1      }
  27           
  28          
  29          
  30          /**
  31             *@breaf I2C接收数据流程
  32             *@param WordAddress读取字节的地址
  33             *@retval Byte读取字节的内容
  34             */
  35          u8  IIC_Read(u8 IC_ADDR,u8 ADDR)
  36          {
  37   1          u8 Byte;
  38   1              
  39   1          IIC_Start();
  40   1          
  41   1          IIC_SendByte(IC_ADDR);
  42   1          IIC_ReceiveAck();   
  43   1          
  44   1          IIC_SendByte(ADDR);
  45   1          IIC_ReceiveAck();
  46   1          
  47   1          IIC_Start();
  48   1          IIC_SendByte(IC_ADDR|0x01);
  49   1          
  50   1          IIC_ReceiveAck();   
  51   1          Byte= IIC_ReceiveByte();
  52   1          IIC_SendAck(1);
  53   1          
  54   1          IIC_Stop();
C51 COMPILER V9.60.7.0   24C02                                                             04/10/2024 01:39:04 PAGE 2   

  55   1      
  56   1          return Byte;
  57   1      }


MODULE INFORMATION:   STATIC OVERLAYABLE
   CODE SIZE        =     94    ----
   CONSTANT SIZE    =   ----    ----
   XDATA SIZE       =   ----    ----
   PDATA SIZE       =   ----    ----
   DATA SIZE        =   ----       6
   IDATA SIZE       =   ----    ----
   BIT SIZE         =   ----    ----
END OF MODULE INFORMATION.


C51 COMPILATION COMPLETE.  0 WARNING(S),  0 ERROR(S)
