C51 COMPILER V9.60.7.0   ADC0832                                                           04/03/2024 08:53:56 PAGE 1   


C51 COMPILER V9.60.7.0, COMPILATION OF MODULE ADC0832
OBJECT MODULE PLACED IN .\Objects\ADC0832.obj
COMPILER INVOKED BY: D:\keil_c51\C51\BIN\C51.EXE Lib\src\ADC0832.c WARNINGLEVEL(0) OPTIMIZE(9,SPEED) BROWSE INCDIR(.\Lib
                    -\inc;.\Lib;.\User) DEBUG OBJECTEXTEND PRINT(.\Listings\ADC0832.lst) OBJECT(.\Objects\ADC0832.obj)

line level    source

   1          /*
   2          1.8位分辨率，逐次逼近
   3          2.双通道A/D转换
   4          3.输入输出电平与TTL/CMOS相兼容
   5          4.5V单电源供电，输入模拟电压在0-5V之间
   6          5.工作频率为250KHZ，转换时间32us
   7          6.功耗低，一般为15mW
   8          7.8P-DIP（双列直插）、14P-SOP两种封装
   9          8.商用芯片温度为0℃ ~ 70℃，工业级为-40℃ ~ 85℃
  10          
  11          时序表：
  12          CLK :
  13                  1       2       3       4       5       6       .................      10      11      12     ....
             -...........  19      20      21      22
  14                 _ _     _ _     _ _     _ _     _ _     _ _     _ _     _ _     _ _     _ _     _ _     _ _     _ _
             -     _ _     _ _     _ _     _ _     _ _
  15                      |   |   |   |   |   |   |   |   |   |   |   |   |   |   |   |         |   |   |   |   |   |   |   |   |   |
             -   |   |   |   |   |   |   |   |   |   |
  16             _ _|   |_ _|   |_ _|   |_ _|   |_ _|   |_ _|   |_ _|   |_ _|   |_ _|   |_ _|   |_ _|   |_ _|   |_ _|   
             -|_ _|   |_ _|   |_ _|   |_ _|   |_ _|   |_
  17                   
  18                   
  19          CS :
  20          _ _                                                                                                       
             -                                          _ _
  21             |                                                                                                      
             -                                         |
  22             |_ _ _ _ _ _ _ _ _ _ _ _ _ _ _ _ _ _ _ _ _ _ _ _ _ _ _ _ _ _ _ _ _ _ _ _ _ _ _ _ _ _ _ _ _ _ _ _ _ _ _ 
             -_ _ _ _ _ _ _ _ _ _ _ _ _ _ _ _ _ _ _ _ _| 
  23                   
  24                   
  25          DI:
  26          
  27          前三个CLK脉冲设置工作模式
  28          
  29          
  30          DO:
  31          
  32          第四个CLK脉冲下降沿开始        MSB-->LSB-->MSB
  33          
  34          工作过程：
  35          在第一个时钟脉冲的下沉之前DI端必须是高电平，表示启始信号。
  36          在第二、三个脉冲下沉之前DI端应输入两位数据用于选择通道功能。
  37          当两位数据为“1”、“0”时，只对CH0进行单通道转换。
  38          当两位数据为“1”、“1”时，只对CH1进行单通道转换。
  39          当两位数据为“0”、“0”时，将CH0作为正输入端IN+，CH1作为负输入端IN-进行输
             -。
  40          当两位数据为“0”、“1”时，将CH0作为负输入端IN-，CH1 作为正输入端IN+进行输
             -。
  41          到第三个脉冲的下降之后DI端的输入电平就失去输入作用，此后DO/DI端则开始利用
             -数据输出DO进行转换数据的读取。
  42          
  43          从第4个脉冲下降沿开始由DO端输出转换数据最高位Data7，
  44          随后每一个脉冲的下降沿DO端输出下一位数据。直到第11个脉冲时发出最低位数据
C51 COMPILER V9.60.7.0   ADC0832                                                           04/03/2024 08:53:56 PAGE 2   

             -Data0，一个字节的数据输出完成。
  45          也正是从此位开始输出下一个相反字节的数据，即从第11个字节的下降沿输出Data0
             -。
  46          随后输出8位数据，到第19 个脉冲时数据输出完成，也标志着一次A/D转换的结束。
             -最后将CS置高电平禁用芯片.
  47          
  48          
  49          */
  50          
  51          #include "ADC0832.h"
  52          
  53          u8 ADC0832_Read(bit channel){
  54   1              
  55   1         u8 i,ADC0832_MSB =0 ,ADC0832_LSB = 0;
  56   1      
  57   1         ADC0832_CS_PIN = 0;//片选置为低电平，启动AD转换芯片
  58   1         ADC0832_CLK_PIN = 0;//时钟低电平
  59   1      
  60   1         ADC0832_DI_PIN = 1;
  61   1         _nop_();_nop_();
  62   1         ADC0832_CLK_PIN = 1;//第一个脉冲上升沿
  63   1         _nop_();_nop_();
  64   1         ADC0832_CLK_PIN = 0;//第一个脉冲下降沿
  65   1         ADC0832_DI_PIN = 1;
  66   1         _nop_();_nop_();
  67   1              
  68   1         ADC0832_CLK_PIN = 1;//第二个脉冲上升沿
  69   1         _nop_();_nop_();
  70   1              
  71   1         ADC0832_CLK_PIN = 0;//第二个脉冲下降沿
  72   1               ADC0832_DI_PIN = channel;
  73   1         _nop_();_nop_();
  74   1         ADC0832_CLK_PIN = 1;//第三个脉冲上升沿
  75   1         _nop_();_nop_();
  76   1               
  77   1               
  78   1         ADC0832_CLK_PIN = 0;
  79   1               ADC0832_DO_PIN = 1;
  80   1         _nop_();_nop_();
  81   1               
  82   1         for ( i = 0; i < 8; i++)
  83   1         {
  84   2            ADC0832_CLK_PIN = 1;
  85   2            _nop_();_nop_();
  86   2            ADC0832_CLK_PIN = 0;
  87   2            _nop_();_nop_();
  88   2      
  89   2            ADC0832_MSB = ADC0832_MSB<<1|ADC0832_DO_PIN;
  90   2         }
  91   1      
  92   1         for ( i = 0; i < 8; i++)
  93   1         {
  94   2                        ADC0832_LSB = ADC0832_LSB|((u8)(ADC0832_DO_PIN)<<i);
  95   2            ADC0832_CLK_PIN = 1;
  96   2            _nop_();_nop_();
  97   2            ADC0832_CLK_PIN = 0;
  98   2            _nop_();_nop_();
  99   2         }
 100   1      
 101   1         ADC0832_CS_PIN = 1;//取消片选
 102   1               return (ADC0832_MSB==ADC0832_LSB)?ADC0832_LSB:12;
 103   1      
C51 COMPILER V9.60.7.0   ADC0832                                                           04/03/2024 08:53:56 PAGE 3   

 104   1      }


MODULE INFORMATION:   STATIC OVERLAYABLE
   CODE SIZE        =    108    ----
   CONSTANT SIZE    =   ----    ----
   XDATA SIZE       =   ----    ----
   PDATA SIZE       =   ----    ----
   DATA SIZE        =   ----    ----
   IDATA SIZE       =   ----    ----
   BIT SIZE         =   ----       1
END OF MODULE INFORMATION.


C51 COMPILATION COMPLETE.  0 WARNING(S),  0 ERROR(S)
