C51 COMPILER V9.60.7.0   MAIN                                                              04/10/2024 02:05:32 PAGE 1   


C51 COMPILER V9.60.7.0, COMPILATION OF MODULE MAIN
OBJECT MODULE PLACED IN .\Objects\main.obj
COMPILER INVOKED BY: D:\keil_c51\C51\BIN\C51.EXE User\main.c WARNINGLEVEL(0) OPTIMIZE(9,SPEED) BROWSE INCDIR(.\Lib\inc;.
                    -\Lib;.\User) DEBUG OBJECTEXTEND PRINT(.\Listings\main.lst) OBJECT(.\Objects\main.obj)

line level    source

   1          #include "main.h"
   2          
   3          
   4          void delay_5us(void)//‰∏ÄËøõ‰∏ÄÂá∫ÔºåÂª∂Ëøü5usÊó∂Èó¥
   5          {
   6   1              _nop_();
   7   1      }
   8          
   9          
  10          void delay_us(unsigned char us) //usÁ∫ßÂà´Âª∂ËøüÔºåÊúÄÂ§ßËæìÂÖ•255Ôºåus--1Ê¨°Áî®6.5usÔºåËøõÂÖ•1Ê¨°ÂáΩÊï∞Èú
             -ÄË¶Å11.95us
  11          {
  12   1              while (us--);
  13   1      }
  14          
  15          
  16          void delay_ms(unsigned char ms)//ËÆæÁΩÆÊØ´ÁßíÁ∫ßÂà´Âª∂ËøüÂáΩÊï∞ÔºåmsÊúÄÂ§ßËæìÂÖ•255
  17          {
  18   1              unsigned char x;
  19   1              for (ms; ms > 0; ms--)
  20   1                      for (x = 114; x > 0; x--);
  21   1      }
  22          
  23          
  24          
  25          //////‰∏ªÂáΩÊï∞
  26          ////int main(void){
  27          ////            
  28          ////            uchar adc = 0;
  29          ////            uint voltage = 0;
  30          ////            uchar LED_buffer1[16] = {""};//ADCÊòæÁ§∫ÁºìÂÜ≤
  31          ////            uchar LED_buffer2[16] = {""};//ÁîµÂéãÊòæÁ§∫ÁºìÂÜ≤
  32          ////            LCD_Init();//1602ÂàùÂßãÂåñ
  33          ////            
  34          ////            while(1)
  35          ////            {
  36          ////                    adc = ADC0832_Read(0);//ËØªÂèñadcÂÄº
  37          //////                  voltage = adc * 500.0 / 255;//Â∞ÜadcÂÄºÊç¢ÁÆóÊàêÁîµÂéã
  38          ////                    
  39          //////                  LED_buffer1[9] = adc / 100 + '0';               //ÂèñadcÁôæ‰Ωç
  40          //////                  LED_buffer1[10] = adc % 100 / 10 + '0'; //ÂèñadcÂçÅ‰Ωç
  41          //////                  LED_buffer1[11] = adc % 10 + '0';               //Âèñadc‰∏™‰Ωç
  42          //////   
  43          //////                  LED_buffer2[9] = voltage / 100 + '0';           //ÂèñÁîµÂéã‰∏™‰Ωç
  44          //////                  LED_buffer2[10] = '.';//Â∞èÊï∞ÁÇπ
  45          //////                  LED_buffer2[11] = voltage / 10 % 10 + '0';      //ÂèñÁîµÂéãÂçÅÂàÜ‰Ωç
  46          //////                  LED_buffer2[12] = voltage % 10 + '0';   //ÂèñÁîµÂéãÁôæÂàÜ‰Ωç
  47          ////                    
  48          ////                    
  49          //////                  LCD_ShowString(1, 1, &LED_buffer1[0]);  //ÊòæÁ§∫Â≠óÁ¨¶‰∏≤
  50          ////                    LCD_ShowNum(2, 1, ADC0832_Read(0),3);   //ÊòæÁ§∫Â≠óÁ¨¶‰∏≤
  51          ////            }
  52          
  53          ////            return 0;
C51 COMPILER V9.60.7.0   MAIN                                                              04/10/2024 02:05:32 PAGE 2   

  54          ////}
  55          
  56          //‰∏ªÂáΩÊï∞
  57          void main(void)
  58          {
  59   1          TIMER_Init(STC_TIMER0_MODE_1|STC_TIMER0_TIMER|STC_TIMER0_GATE_OFF,USE_TIMER0,1000);
  60   1          delay_ms(100);
  61   1          //TIMER_Init(STC_TIMER1_MODE_1|STC_TIMER1_TIMER|STC_TIMER1_GATE_OFF,USE_TIMER1,5000);
  62   1          delay_ms(100);
  63   1              TIMER2_Init(10000);//10000‰∏™Êú∫Âô®Âë®ÊúüÔºåÂÆöÊó∂100MS
  64   1              while (1)
  65   1              {
  66   2      
  67   2              }
  68   1      }


MODULE INFORMATION:   STATIC OVERLAYABLE
   CODE SIZE        =     53    ----
   CONSTANT SIZE    =   ----    ----
   XDATA SIZE       =   ----    ----
   PDATA SIZE       =   ----    ----
   DATA SIZE        =   ----    ----
   IDATA SIZE       =   ----    ----
   BIT SIZE         =   ----    ----
END OF MODULE INFORMATION.


C51 COMPILATION COMPLETE.  0 WARNING(S),  0 ERROR(S)
